Arguments: 
  /home/iventura3/miniconda3/envs/env3/bin/node /home/iventura3/miniconda3/envs/env3/lib/python3.8/site-packages/jupyterlab/staging/yarn.js install

PATH: 
  /home/iventura3/miniconda3/envs/env3/bin:/home/iventura3/miniconda3/condabin:/usr/local/sbin:/usr/local/bin:/usr/sbin:/usr/bin:/root/bin

Yarn version: 
  1.21.1

Node version: 
  14.5.0

Platform: 
  linux x64

Trace: 
  SyntaxError: /home/iventura3/jupyter-upload/package.json: Unexpected token  in JSON at position 380
      at JSON.parse (<anonymous>)
      at /home/iventura3/miniconda3/envs/env3/lib/python3.8/site-packages/jupyterlab/staging/yarn.js:1098:57
      at Generator.next (<anonymous>)
      at step (/home/iventura3/miniconda3/envs/env3/lib/python3.8/site-packages/jupyterlab/staging/yarn.js:310:30)
      at /home/iventura3/miniconda3/envs/env3/lib/python3.8/site-packages/jupyterlab/staging/yarn.js:321:13

npm manifest: 
  {
    "name": "jupyter-upload",
    "version": "0.1.0",
    "description": "jupyter lab extension for uploading files to s3",
    "keywords": [
      "jupyter",
      "jupyterlab",
      "jupyterlab-extension"
    ],
    "homepage": "https://github.com/my_name/myextension",
    "bugs": {
      "url": "https://github.com/my_name/myextension/issues"
    },
    "license": "BSD-3-Clause",
    "author": "Jingabang team",
    "files": [
      "lib/**/*.{d.ts,eot,gif,html,jpg,js,js.map,json,png,svg,woff2,ttf}",
      "style/**/*.{css,eot,gif,html,jpg,json,png,svg,woff2,ttf}"
    ],
    "main": "lib/index.js",
    "types": "lib/index.d.ts",
    "style": "style/index.css",
    "repository": {
      "type": "git",
      "url": "https://github.com/my_name/myextension.git"
    },
    "scripts": { 
      "build": "tsc",
      "clean": "rimraf lib tsconfig.tsbuildinfo", 
      "eslint": "eslint . --ext .ts,.tsx --fix",
      "eslint:check": "eslint . --ext .ts,.tsx",
      "prepare": "jlpm run clean && jlpm run build",
      "watch": "tsc -w"
    },
    "dependencies": {
      "@jupyterlab/application": "^2.1.0",
      "@jupyterlab/apputils": "^2.1.0",
      "@jupyterlab/coreutils": "^4.1.0",
      "@jupyterlab/docmanager": "^2.1.0",
      "@jupyterlab/filebrowser": "^2.1.0",
      "@jupyterlab/docregistry": "^2.0.0",
      "@jupyterlab/launcher": "^2.1.0",
      "@jupyterlab/mainmenu": "^2.1.0",
      "@jupyterlab/services": "^5.1.0",
      "@jupyterlab/settingregistry": "^2.1.0",
      "@jupyterlab/statedb": "^2.1.0",
      "@jupyterlab/statusbar": "^2.1.0",
      "@jupyterlab/ui-components": "^2.1.0",
      "@lumino/algorithm": "^1.2.3",
      "@lumino/commands": "^1.10.1",
      "@lumino/messaging": "^1.3.3",
      "@lumino/signaling": "^1.3.5",
      "@lumino/widgets": "^1.11.1",
      "base64-js": "^1.2.3"
    },
    "devDependencies": {
      "@typescript-eslint/eslint-plugin": "^2.25.0",
      "@typescript-eslint/parser": "^2.25.0",
      "eslint": "^6.8.0",
      "eslint-config-prettier": "^6.10.1",
      "eslint-plugin-prettier": "^3.1.2", 
      "prettier": "1.16.4",
      "rimraf": "^2.6.1",
      "mkdirp": "^1.0.3", 
      "typedoc": "^0.15.4",
      "typescript": "~3.7.0",
      "@types/base64-js": "^1.2.5",
      "@types/text-encoding": "^0.0.32",
      "husky": "^0.14.3",
      "lint-staged": "^7.2.0",
      "subpackage": "^1.1.0",
      "tslint": "^5.18.0",
      "tslint-config-prettier": "^1.18.0",
      "tslint-plugin-prettier": "^1.3.0"
    },
    "sideEffects": [
      "style/*.css"
    ],
    "jupyterlab": { 
      "extension": true
    }
  }

yarn manifest: 
  No manifest

Lockfile: 
  No lockfile
